<?xml version="1.0" encoding="UTF-8"?>
<!-- Generated by org.testng.reporters.JUnitReportReporter -->
<testsuite hostname="DESKTOP-4NPO5VH" failures="0" tests="1" name="api.endpoints.SampleTest" time="2.470" errors="0" timestamp="2023-07-10T15:54:19 IST" skipped="0">
  <testcase classname="api.endpoints.SampleTest" name="createUser" time="2.470"/>
</testsuite> <!-- api.endpoints.SampleTest -->
