<?xml version="1.0" encoding="UTF-8"?>
<!-- Generated by org.testng.reporters.JUnitReportReporter -->
<testsuite hostname="DESKTOP-4NPO5VH" failures="0" tests="1" name="api.endpoints.Sample" time="2.574" errors="0" timestamp="2023-07-10T14:40:15 IST" skipped="0">
  <testcase classname="api.endpoints.Sample" name="createUser" time="2.574"/>
</testsuite> <!-- api.endpoints.Sample -->
